0 info it worked if it ends with ok
1 verbose cli [ '/usr/bin/nodejs', '/usr/bin/npm', 'install', '-g', 'cordova' ]
2 info using npm@1.3.10
3 info using node@v0.10.25
4 verbose cache add [ 'cordova', null ]
5 verbose cache add name=undefined spec="cordova" args=["cordova",null]
6 verbose parsed url { protocol: null,
6 verbose parsed url   slashes: null,
6 verbose parsed url   auth: null,
6 verbose parsed url   host: null,
6 verbose parsed url   port: null,
6 verbose parsed url   hostname: null,
6 verbose parsed url   hash: null,
6 verbose parsed url   search: null,
6 verbose parsed url   query: null,
6 verbose parsed url   pathname: 'cordova',
6 verbose parsed url   path: 'cordova',
6 verbose parsed url   href: 'cordova' }
7 silly lockFile a98f2055-cordova cordova
8 verbose lock cordova /home/hellerb/.npm/a98f2055-cordova.lock
9 silly lockFile a98f2055-cordova cordova
10 silly lockFile a98f2055-cordova cordova
11 verbose addNamed [ 'cordova', '' ]
12 verbose addNamed [ null, '*' ]
13 silly lockFile de8d9fad-cordova cordova@
14 verbose lock cordova@ /home/hellerb/.npm/de8d9fad-cordova.lock
15 silly addNameRange { name: 'cordova', range: '*', hasData: false }
16 verbose url raw cordova
17 verbose url resolving [ 'https://registry.npmjs.org/', './cordova' ]
18 verbose url resolved https://registry.npmjs.org/cordova
19 info trying registry request attempt 1 at 10:02:04
20 http GET https://registry.npmjs.org/cordova
21 http 200 https://registry.npmjs.org/cordova
22 silly registry.get cb [ 200,
22 silly registry.get   { server: 'nginx/1.10.1',
22 silly registry.get     'content-type': 'application/json',
22 silly registry.get     'last-modified': 'Thu, 17 Nov 2016 03:01:18 GMT',
22 silly registry.get     etag: '"582d1d7e-ef132"',
22 silly registry.get     'cache-control': 'max-age=300',
22 silly registry.get     'content-length': '979250',
22 silly registry.get     'accept-ranges': 'bytes',
22 silly registry.get     date: 'Thu, 17 Nov 2016 15:02:05 GMT',
22 silly registry.get     via: '1.1 varnish',
22 silly registry.get     age: '0',
22 silly registry.get     connection: 'keep-alive',
22 silly registry.get     'x-served-by': 'cache-jfk8120-JFK',
22 silly registry.get     'x-cache': 'MISS',
22 silly registry.get     'x-cache-hits': '0',
22 silly registry.get     'x-timer': 'S1479394924.896017,VS0,VE112',
22 silly registry.get     vary: 'Accept-Encoding' } ]
23 silly addNameRange number 2 { name: 'cordova', range: '*', hasData: true }
24 silly addNameRange versions [ 'cordova',
24 silly addNameRange   [ '0.0.1',
24 silly addNameRange     '0.0.2',
24 silly addNameRange     '0.0.3',
24 silly addNameRange     '0.0.4',
24 silly addNameRange     '0.0.5',
24 silly addNameRange     '0.0.6',
24 silly addNameRange     '0.0.7',
24 silly addNameRange     '0.0.8',
24 silly addNameRange     '0.0.9',
24 silly addNameRange     '0.1.0',
24 silly addNameRange     '0.1.1',
24 silly addNameRange     '0.1.2',
24 silly addNameRange     '0.1.3',
24 silly addNameRange     '0.1.4',
24 silly addNameRange     '0.1.5',
24 silly addNameRange     '0.1.6',
24 silly addNameRange     '0.1.7',
24 silly addNameRange     '0.1.8',
24 silly addNameRange     '0.1.9',
24 silly addNameRange     '0.1.10',
24 silly addNameRange     '0.1.11',
24 silly addNameRange     '0.1.12',
24 silly addNameRange     '0.1.13',
24 silly addNameRange     '0.1.14',
24 silly addNameRange     '2.2.0',
24 silly addNameRange     '2.3.0',
24 silly addNameRange     '2.3.1',
24 silly addNameRange     '2.3.2',
24 silly addNameRange     '2.3.3',
24 silly addNameRange     '2.3.5',
24 silly addNameRange     '2.3.6',
24 silly addNameRange     '2.4.0',
24 silly addNameRange     '2.4.1',
24 silly addNameRange     '2.4.2',
24 silly addNameRange     '2.4.3',
24 silly addNameRange     '2.4.4',
24 silly addNameRange     '2.4.5',
24 silly addNameRange     '2.4.6',
24 silly addNameRange     '2.4.7',
24 silly addNameRange     '2.4.8',
24 silly addNameRange     '2.4.9',
24 silly addNameRange     '2.4.10',
24 silly addNameRange     '2.5.0',
24 silly addNameRange     '2.5.2',
24 silly addNameRange     '2.5.3',
24 silly addNameRange     '2.5.4',
24 silly addNameRange     '2.5.5',
24 silly addNameRange     '2.6.0',
24 silly addNameRange     '2.6.1',
24 silly addNameRange     '2.6.2',
24 silly addNameRange     '2.7.0-rc.1',
24 silly addNameRange     '2.7.1-rc.1',
24 silly addNameRange     '2.7.2',
24 silly addNameRange     '2.7.3',
24 silly addNameRange     '2.7.4',
24 silly addNameRange     '2.8.0',
24 silly addNameRange     '2.8.1',
24 silly addNameRange     '2.8.2',
24 silly addNameRange     '2.8.3',
24 silly addNameRange     '2.8.4',
24 silly addNameRange     '2.8.5',
24 silly addNameRange     '2.8.6',
24 silly addNameRange     '2.8.7',
24 silly addNameRange     '2.8.8',
24 silly addNameRange     '2.8.9',
24 silly addNameRange     '2.8.10',
24 silly addNameRange     '2.8.11',
24 silly addNameRange     '2.8.12',
24 silly addNameRange     '2.8.13',
24 silly addNameRange     '2.8.14',
24 silly addNameRange     '2.8.15',
24 silly addNameRange     '2.8.16',
24 silly addNameRange     '2.8.17',
24 silly addNameRange     '2.8.18',
24 silly addNameRange     '2.8.19',
24 silly addNameRange     '2.8.20',
24 silly addNameRange     '2.8.21',
24 silly addNameRange     '2.8.22',
24 silly addNameRange     '2.8.23',
24 silly addNameRange     '2.8.24',
24 silly addNameRange     '2.8.25',
24 silly addNameRange     '2.9.0',
24 silly addNameRange     '2.9.1',
24 silly addNameRange     '2.9.2',
24 silly addNameRange     '2.9.3',
24 silly addNameRange     '2.9.4',
24 silly addNameRange     '2.9.5',
24 silly addNameRange     '2.9.6',
24 silly addNameRange     '2.9.7',
24 silly addNameRange     '3.0.0-rc1',
24 silly addNameRange     '3.0.0-rc1-1',
24 silly addNameRange     '3.0.0-rc1-3',
24 silly addNameRange     '3.0.0',
24 silly addNameRange     '3.0.1',
24 silly addNameRange     '3.0.2',
24 silly addNameRange     '3.0.3',
24 silly addNameRange     '3.0.4',
24 silly addNameRange     '3.0.5',
24 silly addNameRange     '3.0.6',
24 silly addNameRange     '3.0.7',
24 silly addNameRange     '3.0.8',
24 silly addNameRange     '3.0.9',
24 silly addNameRange     '3.0.10',
24 silly addNameRange     '3.1.0-0.1.0',
24 silly addNameRange     '3.1.0-0.2.0',
24 silly addNameRange     '3.2.0-rc.1',
24 silly addNameRange     '3.2.0-0.1.0',
24 silly addNameRange     '3.2.0-0.2.0',
24 silly addNameRange     '3.2.0-0.3.0',
24 silly addNameRange     '3.2.0-0.4.0',
24 silly addNameRange     '3.3.0-rc.1',
24 silly addNameRange     '3.3.0-0.1.1',
24 silly addNameRange     '3.3.1-0.1.2',
24 silly addNameRange     '2.9.0-rc1',
24 silly addNameRange     '3.3.1-0.3.0',
24 silly addNameRange     '3.3.1-0.3.1',
24 silly addNameRange     '3.3.1-0.4.1',
24 silly addNameRange     '3.3.1-0.4.2',
24 silly addNameRange     '3.4.0-0.1.0',
24 silly addNameRange     '3.4.0-0.1.1',
24 silly addNameRange     '3.4.0-0.1.2',
24 silly addNameRange     '3.4.0-0.1.3',
24 silly addNameRange     '0.0.0-fake',
24 silly addNameRange     '3.4.1-0.1.0',
24 silly addNameRange     '3.5.0-0.2.0',
24 silly addNameRange     '3.5.0-0.2.1',
24 silly addNameRange     '3.5.0-0.2.2',
24 silly addNameRange     '3.5.0-0.2.3',
24 silly addNameRange     '3.5.0-0.2.4',
24 silly addNameRange     '3.5.0-0.2.6',
24 silly addNameRange     '3.5.0-0.2.7',
24 silly addNameRange     '3.6.0-0.2.8',
24 silly addNameRange     '3.6.0-0.2.9',
24 silly addNameRange     '3.6.1-0.2.10',
24 silly addNameRange     '3.6.3-0.2.11',
24 silly addNameRange     '3.6.3-0.2.12',
24 silly addNameRange     '3.6.3-0.2.13',
24 silly addNameRange     '4.0.0',
24 silly addNameRange     '4.0.1',
24 silly addNameRange     '4.1.0',
24 silly addNameRange     '4.1.1',
24 silly addNameRange     '4.1.2',
24 silly addNameRange     '4.1.3-nightly.2014.10.21',
24 silly addNameRange     '4.2.0',
24 silly addNameRange     '4.3.0',
24 silly addNameRange     '5.0.0',
24 silly addNameRange     '4.3.1',
24 silly addNameRange     '5.1.1',
24 silly addNameRange     '5.2.0',
24 silly addNameRange     '5.3.1',
24 silly addNameRange     '5.3.3',
24 silly addNameRange     '5.4.0',
24 silly addNameRange     '5.4.1',
24 silly addNameRange     '6.0.0',
24 silly addNameRange     '6.1.0',
24 silly addNameRange     '6.1.1',
24 silly addNameRange     '6.2.0-nightly.2016.5.11',
24 silly addNameRange     '6.2.0-nightly.2016.5.12',
24 silly addNameRange     '6.2.0-nightly.2016.5.13',
24 silly addNameRange     '6.2.1-nightly.2016.5.20.254844d7',
24 silly addNameRange     '6.2.1-nightly.2016.5.21.254844d7',
24 silly addNameRange     '6.2.1-nightly.2016.5.22.254844d7',
24 silly addNameRange     '6.2.1-nightly.2016.5.23.6e87c71a',
24 silly addNameRange     '6.2.1-nightly.2016.5.24.189f41a4',
24 silly addNameRange     '6.2.0',
24 silly addNameRange     '6.2.1-nightly.2016.5.25.189f41a4',
24 silly addNameRange     '6.2.1-nightly.2016.5.26.189f41a4',
24 silly addNameRange     '6.2.1-nightly.2016.5.27.189f41a4',
24 silly addNameRange     '6.2.1-nightly.2016.5.28.189f41a4',
24 silly addNameRange     '6.2.1-nightly.2016.5.30.189f41a4',
24 silly addNameRange     '6.2.1-nightly.2016.5.31.189f41a4',
24 silly addNameRange     '6.2.1-nightly.2016.6.1.189f41a4',
24 silly addNameRange     '6.2.1-nightly.2016.6.2.189f41a4',
24 silly addNameRange     '6.2.1-nightly.2016.6.3.189f41a4',
24 silly addNameRange     '6.2.1-nightly.2016.6.4.189f41a4',
24 silly addNameRange     '6.2.1-nightly.2016.6.5.189f41a4',
24 silly addNameRange     '6.2.1-nightly.2016.6.6.189f41a4',
24 silly addNameRange     '6.2.1-nightly.2016.6.7.486bdab5',
24 silly addNameRange     '6.2.1-nightly.2016.6.8.486bdab5',
24 silly addNameRange     '6.2.1-dev',
24 silly addNameRange     '6.2.1-nightly.2016.6.10.486bdab5',
24 silly addNameRange     '6.2.1-nightly.2016.6.12.486bdab5',
24 silly addNameRange     '6.2.1-nightly.2016.6.13.486bdab5',
24 silly addNameRange     '6.2.1-nightly.2016.6.14.486bdab5',
24 silly addNameRange     '6.2.1-nightly.2016.6.16.486bdab5',
24 silly addNameRange     '6.2.1-nightly.2016.6.17.486bdab5',
24 silly addNameRange     '6.2.1-nightly.2016.6.18.486bdab5',
24 silly addNameRange     '6.2.1-nightly.2016.6.20.486bdab5',
24 silly addNameRange     '6.2.1-nightly.2016.6.21.486bdab5',
24 silly addNameRange     '6.2.1-nightly.2016.6.22.486bdab5',
24 silly addNameRange     '6.2.1-nightly.2016.6.23.486bdab5',
24 silly addNameRange     '6.2.1-nightly.2016.6.24.486bdab5',
24 silly addNameRange     '6.2.1-nightly.2016.6.26.486bdab5',
24 silly addNameRange     '6.2.1-nightly.2016.6.27.486bdab5',
24 silly addNameRange     '6.2.1-nightly.2016.6.28.486bdab5',
24 silly addNameRange     '6.2.1-nightly.2016.6.29.64e11522',
24 silly addNameRange     '6.2.1-nightly.2016.6.30.64e11522',
24 silly addNameRange     '6.2.1-nightly.2016.7.1.64e11522',
24 silly addNameRange     '6.2.1-nightly.2016.7.2.64e11522',
24 silly addNameRange     '6.2.1-nightly.2016.7.3.64e11522',
24 silly addNameRange     '6.2.1-nightly.2016.7.4.64e11522',
24 silly addNameRange     '6.2.1-nightly.2016.7.5.64e11522',
24 silly addNameRange     '6.2.1-nightly.2016.7.6.64e11522',
24 silly addNameRange     '6.2.1-nightly.2016.7.7.64e11522',
24 silly addNameRange     '6.2.1-nightly.2016.7.8.64e11522',
24 silly addNameRange     '6.2.1-nightly.2016.7.10.64e11522',
24 silly addNameRange     '6.2.1-nightly.2016.7.12.64e11522',
24 silly addNameRange     '6.3.1-nightly.2016.7.14.83f93b96',
24 silly addNameRange     '6.3.1-nightly.2016.7.15.83f93b96',
24 silly addNameRange     '6.3.1-nightly.2016.7.16.83f93b96',
24 silly addNameRange     '6.3.1-nightly.2016.7.17.83f93b96',
24 silly addNameRange     '6.3.1-nightly.2016.7.18.83f93b96',
24 silly addNameRange     '6.3.1-nightly.2016.7.20.83f93b96',
24 silly addNameRange     '6.3.0',
24 silly addNameRange     '6.3.1-nightly.2016.7.23.83f93b96',
24 silly addNameRange     '6.3.1-nightly.2016.7.24.83f93b96',
24 silly addNameRange     '6.3.1-nightly.2016.7.25.83f93b96',
24 silly addNameRange     '6.3.1-nightly.2016.7.26.83f93b96',
24 silly addNameRange     '6.3.1-nightly.2016.7.27.83f93b96',
24 silly addNameRange     '6.3.1-nightly.2016.7.28.83f93b96',
24 silly addNameRange     '6.3.1-nightly.2016.7.29.83f93b96',
24 silly addNameRange     '6.3.1-nightly.2016.8.2.5e6e3bf1',
24 silly addNameRange     '6.3.1-nightly.2016.8.4.5e6e3bf1',
24 silly addNameRange     '6.3.1-nightly.2016.8.5.5e6e3bf1',
24 silly addNameRange     '6.3.1-nightly.2016.8.6.5e6e3bf1',
24 silly addNameRange     '6.3.1-nightly.2016.8.7.5e6e3bf1',
24 silly addNameRange     '6.3.1-nightly.2016.8.8.5e6e3bf1',
24 silly addNameRange     '6.3.1-nightly.2016.8.9.5e6e3bf1',
24 silly addNameRange     '6.4.0-nightly.2016.8.10.258eb28f',
24 silly addNameRange     '6.4.0-nightly.2016.8.11.258eb28f',
24 silly addNameRange     '6.4.0-nightly.2016.8.12.258eb28f',
24 silly addNameRange     '6.4.0-nightly.2016.8.13.258eb28f',
24 silly addNameRange     '6.4.0-nightly.2016.8.15.258eb28f',
24 silly addNameRange     '6.3.1',
24 silly addNameRange     '6.4.0-nightly.2016.8.16.258eb28f',
24 silly addNameRange     '6.4.0-nightly.2016.8.17.258eb28f',
24 silly addNameRange     '6.4.0-nightly.2016.8.18.258eb28f',
24 silly addNameRange     '6.4.0-nightly.2016.8.20.258eb28f',
24 silly addNameRange     '6.4.0-nightly.2016.8.21.258eb28f',
24 silly addNameRange     '6.4.0-nightly.2016.8.22.258eb28f',
24 silly addNameRange     '6.4.0-nightly.2016.8.23.4935f1a5',
24 silly addNameRange     '6.4.0-nightly.2016.8.24.4935f1a5',
24 silly addNameRange     '6.4.0-nightly.2016.8.25.4935f1a5',
24 silly addNameRange     '6.4.0-nightly.2016.8.26.4935f1a5',
24 silly addNameRange     '6.4.0-nightly.2016.8.27.4935f1a5',
24 silly addNameRange     '6.4.0-nightly.2016.8.28.4935f1a5',
24 silly addNameRange     '6.4.0-nightly.2016.8.29.4935f1a5',
24 silly addNameRange     '6.4.0-nightly.2016.8.30.4935f1a5',
24 silly addNameRange     '6.4.0-nightly.2016.8.31.4935f1a5',
24 silly addNameRange     '6.4.0-nightly.2016.9.1.4935f1a5',
24 silly addNameRange     '6.4.0-nightly.2016.9.2.4935f1a5',
24 silly addNameRange     '6.4.0-nightly.2016.9.3.ddd828f4',
24 silly addNameRange     '6.4.0-nightly.2016.9.4.ddd828f4',
24 silly addNameRange     '6.4.0-nightly.2016.9.5.ddd828f4',
24 silly addNameRange     '6.4.0-nightly.2016.9.7.ddd828f4',
24 silly addNameRange     '6.4.0-nightly.2016.9.10.ddd828f4',
24 silly addNameRange     '6.4.0-nightly.2016.9.11.ddd828f4',
24 silly addNameRange     '6.4.0-nightly.2016.9.12.ddd828f4',
24 silly addNameRange     '6.4.0-nightly.2016.9.13.ddd828f4',
24 silly addNameRange     '6.4.0-nightly.2016.9.14.ddd828f4',
24 silly addNameRange     '6.4.0-nightly.2016.9.15.ddd828f4',
24 silly addNameRange     '6.4.0-nightly.2016.9.16.ddd828f4',
24 silly addNameRange     '6.4.0-nightly.2016.9.17.ddd828f4',
24 silly addNameRange     '6.4.0-nightly.2016.9.18.ddd828f4',
24 silly addNameRange     '6.4.0-nightly.2016.9.19.ddd828f4',
24 silly addNameRange     '6.4.0-nightly.2016.9.20.ddd828f4',
24 silly addNameRange     '6.4.0-nightly.2016.9.21.ddd828f4',
24 silly addNameRange     '6.4.0-nightly.2016.9.22.ddd828f4',
24 silly addNameRange     '6.4.0-nightly.2016.9.23.ddd828f4',
24 silly addNameRange     '6.4.0-nightly.2016.9.24.ddd828f4',
24 silly addNameRange     '6.4.0-nightly.2016.9.25.ddd828f4',
24 silly addNameRange     '6.4.0-nightly.2016.9.26.ddd828f4',
24 silly addNameRange     '6.4.0-nightly.2016.9.27.ddd828f4',
24 silly addNameRange     '6.4.0-nightly.2016.9.28.ddd828f4',
24 silly addNameRange     '6.4.0-nightly.2016.10.7.4759c467',
24 silly addNameRange     '6.4.0-nightly.2016.10.8.4759c467',
24 silly addNameRange     '6.4.0-nightly.2016.10.9.4759c467',
24 silly addNameRange     '6.4.0-nightly.2016.10.10.4759c467',
24 silly addNameRange     '6.4.0-nightly.2016.10.11.4759c467',
24 silly addNameRange     '6.4.0-nightly.2016.10.12.4759c467',
24 silly addNameRange     '6.4.0-nightly.2016.10.13.4759c467',
24 silly addNameRange     '6.4.0-nightly.2016.10.14.9c306a44',
24 silly addNameRange     '6.4.0-nightly.2016.10.15.576c8426',
24 silly addNameRange     '6.4.0-nightly.2016.10.16.576c8426',
24 silly addNameRange     '6.4.0-nightly.2016.10.17.576c8426',
24 silly addNameRange     '6.4.0-nightly.2016.10.18.576c8426',
24 silly addNameRange     '6.4.0-nightly.2016.10.19.576c8426',
24 silly addNameRange     '6.4.0-nightly.2016.10.21.576c8426',
24 silly addNameRange     '6.4.0-nightly.2016.10.22.576c8426',
24 silly addNameRange     '6.4.1-nightly.2016.10.25.c5977c97',
24 silly addNameRange     '6.4.1-nightly.2016.10.26.c5977c97',
24 silly addNameRange     '6.4.0',
24 silly addNameRange     '6.4.1-nightly.2016.10.27.c5977c97',
24 silly addNameRange     '6.4.1-nightly.2016.11.1.c5977c97',
24 silly addNameRange     '6.4.1-nightly.2016.11.2.0dad8c6d',
24 silly addNameRange     '6.4.1-nightly.2016.11.3.0dad8c6d',
24 silly addNameRange     '6.4.1-nightly.2016.11.4.0dad8c6d',
24 silly addNameRange     '6.4.1-nightly.2016.11.5.0dad8c6d',
24 silly addNameRange     '6.4.1-nightly.2016.11.6.0dad8c6d',
24 silly addNameRange     '6.4.1-nightly.2016.11.7.0dad8c6d',
24 silly addNameRange     '6.4.1-nightly.2016.11.8.0dad8c6d',
24 silly addNameRange     '6.4.1-nightly.2016.11.9.0dad8c6d',
24 silly addNameRange     '6.4.1-nightly.2016.11.10.0dad8c6d',
24 silly addNameRange     '6.4.1-nightly.2016.11.11.0dad8c6d',
24 silly addNameRange     '6.4.1-nightly.2016.11.12.0dad8c6d',
24 silly addNameRange     '6.4.1-nightly.2016.11.15.0dad8c6d',
24 silly addNameRange     '6.4.1-nightly.2016.11.16.0dad8c6d',
24 silly addNameRange     '6.4.1-nightly.2016.11.17.0dad8c6d' ] ]
25 verbose addNamed [ 'cordova', '6.4.0' ]
26 verbose addNamed [ '6.4.0', '6.4.0' ]
27 silly lockFile 5224f421-cordova-6-4-0 cordova@6.4.0
28 verbose lock cordova@6.4.0 /home/hellerb/.npm/5224f421-cordova-6-4-0.lock
29 silly lockFile 31dfcef8-js-org-cordova-cordova-6-4-0-tgz https://registry.npmjs.org/cordova/-/cordova-6.4.0.tgz
30 verbose lock https://registry.npmjs.org/cordova/-/cordova-6.4.0.tgz /home/hellerb/.npm/31dfcef8-js-org-cordova-cordova-6-4-0-tgz.lock
31 verbose addRemoteTarball [ 'https://registry.npmjs.org/cordova/-/cordova-6.4.0.tgz',
31 verbose addRemoteTarball   '3fd9e8b9ad77a6a93ec76947704de21ac2991776' ]
32 info retry fetch attempt 1 at 10:02:05
33 verbose fetch to= /home/hellerb/tmp/npm-1292-J7DiBms1/1479394925302-0.34043603064492345/tmp.tgz
34 http GET https://registry.npmjs.org/cordova/-/cordova-6.4.0.tgz
35 http 200 https://registry.npmjs.org/cordova/-/cordova-6.4.0.tgz
36 verbose tar unpack /home/hellerb/tmp/npm-1292-J7DiBms1/1479394925302-0.34043603064492345/tmp.tgz
37 silly lockFile 87fb96dc-5302-0-34043603064492345-package tar:///home/hellerb/tmp/npm-1292-J7DiBms1/1479394925302-0.34043603064492345/package
38 verbose lock tar:///home/hellerb/tmp/npm-1292-J7DiBms1/1479394925302-0.34043603064492345/package /home/hellerb/.npm/87fb96dc-5302-0-34043603064492345-package.lock
39 silly lockFile f33977cd-5302-0-34043603064492345-tmp-tgz tar:///home/hellerb/tmp/npm-1292-J7DiBms1/1479394925302-0.34043603064492345/tmp.tgz
40 verbose lock tar:///home/hellerb/tmp/npm-1292-J7DiBms1/1479394925302-0.34043603064492345/tmp.tgz /home/hellerb/.npm/f33977cd-5302-0-34043603064492345-tmp-tgz.lock
41 silly gunzTarPerm modes [ '755', '644' ]
42 silly gunzTarPerm extractEntry package.json
43 silly gunzTarPerm extractEntry .npmignore
44 silly gunzTarPerm extractEntry README.md
45 silly gunzTarPerm extractEntry LICENSE
46 silly gunzTarPerm extractEntry cordova.js
47 silly gunzTarPerm extractEntry RELEASENOTES.md
48 silly gunzTarPerm extractEntry CONTRIBUTING.md
49 silly gunzTarPerm extractEntry .github/PULL_REQUEST_TEMPLATE.md
50 silly gunzTarPerm extractEntry NOTICE
51 silly gunzTarPerm extractEntry .gitattributes
52 silly gunzTarPerm extractEntry appveyor.yml
53 silly gunzTarPerm extractEntry bin/cordova
54 silly gunzTarPerm extractEntry bin/cordova.cmd
55 silly gunzTarPerm extractEntry .ratignore
56 silly gunzTarPerm extractEntry doc/ja/README.md
57 silly gunzTarPerm extractEntry doc/ja/bash.md
58 silly gunzTarPerm extractEntry doc/bash.md
59 silly gunzTarPerm extractEntry doc/clean.txt
60 silly gunzTarPerm extractEntry doc/compile.txt
61 silly gunzTarPerm extractEntry doc/cordova.txt
62 silly gunzTarPerm extractEntry doc/create.txt
63 silly gunzTarPerm extractEntry doc/de/README.md
64 silly gunzTarPerm extractEntry doc/de/bash.md
65 silly gunzTarPerm extractEntry doc/emulate.txt
66 silly gunzTarPerm extractEntry doc/es/README.md
67 silly gunzTarPerm extractEntry doc/es/bash.md
68 silly gunzTarPerm extractEntry doc/fr/README.md
69 silly gunzTarPerm extractEntry doc/fr/bash.md
70 silly gunzTarPerm extractEntry doc/help.txt
71 silly gunzTarPerm extractEntry doc/info.txt
72 silly gunzTarPerm extractEntry doc/it/README.md
73 silly gunzTarPerm extractEntry doc/it/bash.md
74 silly gunzTarPerm extractEntry doc/build.txt
75 silly gunzTarPerm extractEntry doc/ko/README.md
76 silly gunzTarPerm extractEntry doc/ko/bash.md
77 silly gunzTarPerm extractEntry doc/pl/README.md
78 silly gunzTarPerm extractEntry doc/pl/bash.md
79 silly gunzTarPerm extractEntry doc/platform.txt
80 silly gunzTarPerm extractEntry doc/plugin.txt
81 silly gunzTarPerm extractEntry doc/prepare.txt
82 silly gunzTarPerm extractEntry doc/readme.md
83 silly gunzTarPerm extractEntry doc/requirements.txt
84 silly gunzTarPerm extractEntry doc/ru/bash.md
85 silly gunzTarPerm extractEntry doc/run.txt
86 silly gunzTarPerm extractEntry doc/serve.txt
87 silly gunzTarPerm extractEntry doc/telemetry.txt
88 silly gunzTarPerm extractEntry doc/zh/README.md
89 silly gunzTarPerm extractEntry doc/zh/bash.md
90 silly gunzTarPerm extractEntry .travis.yml
91 silly gunzTarPerm extractEntry scripts/cordova.completion
92 silly gunzTarPerm extractEntry src/cli.js
93 silly gunzTarPerm extractEntry src/create.js
94 silly gunzTarPerm extractEntry src/help.js
95 silly gunzTarPerm extractEntry src/telemetry.js
96 silly lockFile 87fb96dc-5302-0-34043603064492345-package tar:///home/hellerb/tmp/npm-1292-J7DiBms1/1479394925302-0.34043603064492345/package
97 silly lockFile 87fb96dc-5302-0-34043603064492345-package tar:///home/hellerb/tmp/npm-1292-J7DiBms1/1479394925302-0.34043603064492345/package
98 silly lockFile f33977cd-5302-0-34043603064492345-tmp-tgz tar:///home/hellerb/tmp/npm-1292-J7DiBms1/1479394925302-0.34043603064492345/tmp.tgz
99 silly lockFile f33977cd-5302-0-34043603064492345-tmp-tgz tar:///home/hellerb/tmp/npm-1292-J7DiBms1/1479394925302-0.34043603064492345/tmp.tgz
100 verbose tar pack [ '/home/hellerb/.npm/cordova/6.4.0/package.tgz',
100 verbose tar pack   '/home/hellerb/tmp/npm-1292-J7DiBms1/1479394925302-0.34043603064492345/package' ]
101 verbose tarball /home/hellerb/.npm/cordova/6.4.0/package.tgz
102 verbose folder /home/hellerb/tmp/npm-1292-J7DiBms1/1479394925302-0.34043603064492345/package
103 silly lockFile 87fb96dc-5302-0-34043603064492345-package tar:///home/hellerb/tmp/npm-1292-J7DiBms1/1479394925302-0.34043603064492345/package
104 verbose lock tar:///home/hellerb/tmp/npm-1292-J7DiBms1/1479394925302-0.34043603064492345/package /home/hellerb/.npm/87fb96dc-5302-0-34043603064492345-package.lock
105 silly lockFile 3bedce36-rb-npm-cordova-6-4-0-package-tgz tar:///home/hellerb/.npm/cordova/6.4.0/package.tgz
106 verbose lock tar:///home/hellerb/.npm/cordova/6.4.0/package.tgz /home/hellerb/.npm/3bedce36-rb-npm-cordova-6-4-0-package-tgz.lock
107 silly lockFile 87fb96dc-5302-0-34043603064492345-package tar:///home/hellerb/tmp/npm-1292-J7DiBms1/1479394925302-0.34043603064492345/package
108 silly lockFile 87fb96dc-5302-0-34043603064492345-package tar:///home/hellerb/tmp/npm-1292-J7DiBms1/1479394925302-0.34043603064492345/package
109 silly lockFile 3bedce36-rb-npm-cordova-6-4-0-package-tgz tar:///home/hellerb/.npm/cordova/6.4.0/package.tgz
110 silly lockFile 3bedce36-rb-npm-cordova-6-4-0-package-tgz tar:///home/hellerb/.npm/cordova/6.4.0/package.tgz
111 silly lockFile b361f4a6-ellerb-npm-cordova-6-4-0-package /home/hellerb/.npm/cordova/6.4.0/package
112 verbose lock /home/hellerb/.npm/cordova/6.4.0/package /home/hellerb/.npm/b361f4a6-ellerb-npm-cordova-6-4-0-package.lock
113 silly lockFile b361f4a6-ellerb-npm-cordova-6-4-0-package /home/hellerb/.npm/cordova/6.4.0/package
114 silly lockFile b361f4a6-ellerb-npm-cordova-6-4-0-package /home/hellerb/.npm/cordova/6.4.0/package
115 verbose tar unpack /home/hellerb/.npm/cordova/6.4.0/package.tgz
116 silly lockFile 6f44ce21-ellerb-npm-cordova-6-4-0-package tar:///home/hellerb/.npm/cordova/6.4.0/package
117 verbose lock tar:///home/hellerb/.npm/cordova/6.4.0/package /home/hellerb/.npm/6f44ce21-ellerb-npm-cordova-6-4-0-package.lock
118 silly lockFile 3bedce36-rb-npm-cordova-6-4-0-package-tgz tar:///home/hellerb/.npm/cordova/6.4.0/package.tgz
119 verbose lock tar:///home/hellerb/.npm/cordova/6.4.0/package.tgz /home/hellerb/.npm/3bedce36-rb-npm-cordova-6-4-0-package-tgz.lock
120 silly gunzTarPerm modes [ '755', '644' ]
121 silly gunzTarPerm extractEntry package.json
122 silly gunzTarPerm extractEntry .npmignore
123 silly gunzTarPerm extractEntry README.md
124 silly gunzTarPerm extractEntry LICENSE
125 silly gunzTarPerm extractEntry cordova.js
126 silly gunzTarPerm extractEntry CONTRIBUTING.md
127 silly gunzTarPerm extractEntry .gitattributes
128 silly gunzTarPerm extractEntry NOTICE
129 silly gunzTarPerm extractEntry .github/PULL_REQUEST_TEMPLATE.md
130 silly gunzTarPerm extractEntry RELEASENOTES.md
131 silly gunzTarPerm extractEntry appveyor.yml
132 silly gunzTarPerm extractEntry bin/cordova
133 silly gunzTarPerm extractEntry bin/cordova.cmd
134 silly gunzTarPerm extractEntry .ratignore
135 silly gunzTarPerm extractEntry doc/ja/README.md
136 silly gunzTarPerm extractEntry doc/ja/bash.md
137 silly gunzTarPerm extractEntry doc/bash.md
138 silly gunzTarPerm extractEntry doc/clean.txt
139 silly gunzTarPerm extractEntry doc/compile.txt
140 silly gunzTarPerm extractEntry doc/cordova.txt
141 silly gunzTarPerm extractEntry doc/create.txt
142 silly gunzTarPerm extractEntry doc/de/README.md
143 silly gunzTarPerm extractEntry doc/de/bash.md
144 silly gunzTarPerm extractEntry doc/emulate.txt
145 silly gunzTarPerm extractEntry doc/es/README.md
146 silly gunzTarPerm extractEntry doc/es/bash.md
147 silly gunzTarPerm extractEntry doc/fr/README.md
148 silly gunzTarPerm extractEntry doc/fr/bash.md
149 silly gunzTarPerm extractEntry doc/help.txt
150 silly gunzTarPerm extractEntry doc/info.txt
151 silly gunzTarPerm extractEntry doc/it/README.md
152 silly gunzTarPerm extractEntry doc/it/bash.md
153 silly gunzTarPerm extractEntry doc/build.txt
154 silly gunzTarPerm extractEntry doc/ko/README.md
155 silly gunzTarPerm extractEntry doc/ko/bash.md
156 silly gunzTarPerm extractEntry doc/pl/README.md
157 silly gunzTarPerm extractEntry doc/pl/bash.md
158 silly gunzTarPerm extractEntry doc/platform.txt
159 silly gunzTarPerm extractEntry doc/plugin.txt
160 silly gunzTarPerm extractEntry doc/prepare.txt
161 silly gunzTarPerm extractEntry doc/readme.md
162 silly gunzTarPerm extractEntry doc/requirements.txt
163 silly gunzTarPerm extractEntry doc/ru/bash.md
164 silly gunzTarPerm extractEntry doc/run.txt
165 silly gunzTarPerm extractEntry doc/serve.txt
166 silly gunzTarPerm extractEntry doc/telemetry.txt
167 silly gunzTarPerm extractEntry doc/zh/README.md
168 silly gunzTarPerm extractEntry doc/zh/bash.md
169 silly gunzTarPerm extractEntry .travis.yml
170 silly gunzTarPerm extractEntry scripts/cordova.completion
171 silly gunzTarPerm extractEntry src/cli.js
172 silly gunzTarPerm extractEntry src/create.js
173 silly gunzTarPerm extractEntry src/help.js
174 silly gunzTarPerm extractEntry src/telemetry.js
175 silly lockFile 6f44ce21-ellerb-npm-cordova-6-4-0-package tar:///home/hellerb/.npm/cordova/6.4.0/package
176 silly lockFile 6f44ce21-ellerb-npm-cordova-6-4-0-package tar:///home/hellerb/.npm/cordova/6.4.0/package
177 silly lockFile 3bedce36-rb-npm-cordova-6-4-0-package-tgz tar:///home/hellerb/.npm/cordova/6.4.0/package.tgz
178 silly lockFile 3bedce36-rb-npm-cordova-6-4-0-package-tgz tar:///home/hellerb/.npm/cordova/6.4.0/package.tgz
179 verbose chmod /home/hellerb/.npm/cordova/6.4.0/package.tgz 644
180 verbose chown /home/hellerb/.npm/cordova/6.4.0/package.tgz [ 1000, 1000 ]
181 silly lockFile 31dfcef8-js-org-cordova-cordova-6-4-0-tgz https://registry.npmjs.org/cordova/-/cordova-6.4.0.tgz
182 silly lockFile 31dfcef8-js-org-cordova-cordova-6-4-0-tgz https://registry.npmjs.org/cordova/-/cordova-6.4.0.tgz
183 silly lockFile 5224f421-cordova-6-4-0 cordova@6.4.0
184 silly lockFile 5224f421-cordova-6-4-0 cordova@6.4.0
185 silly lockFile de8d9fad-cordova cordova@
186 silly lockFile de8d9fad-cordova cordova@
187 silly resolved [ { name: 'cordova',
187 silly resolved     version: '6.4.0',
187 silly resolved     preferGlobal: 'true',
187 silly resolved     description: 'Cordova command line interface tool',
187 silly resolved     main: 'cordova',
187 silly resolved     engines: { node: '>=4.0.0' },
187 silly resolved     bin: { cordova: './bin/cordova' },
187 silly resolved     scripts:
187 silly resolved      { test: 'node node_modules/jasmine-node/bin/jasmine-node --captureExceptions --color spec',
187 silly resolved        cover: 'node node_modules/istanbul/lib/cli.js cover --root src --print detail node_modules/jasmine-node/bin/jasmine-node -- spec' },
187 silly resolved     repository:
187 silly resolved      { type: 'git',
187 silly resolved        url: 'https://git-wip-us.apache.org/repos/asf/cordova-cli.git' },
187 silly resolved     bugs:
187 silly resolved      { url: 'https://issues.apache.org/jira/browse/CB',
187 silly resolved        email: 'dev@cordova.apache.org' },
187 silly resolved     keywords: [ 'cordova', 'client', 'cli' ],
187 silly resolved     dependencies:
187 silly resolved      { 'cordova-common': '1.5.x',
187 silly resolved        'cordova-lib': '6.4.0',
187 silly resolved        insight: '~0.8.2',
187 silly resolved        nopt: '3.0.1',
187 silly resolved        q: '1.0.1',
187 silly resolved        underscore: '1.7.0',
187 silly resolved        'update-notifier': '^0.5.0' },
187 silly resolved     devDependencies: { istanbul: '^0.4.5', 'jasmine-node': '1.14.5' },
187 silly resolved     author: { name: 'Anis Kadri' },
187 silly resolved     contributors:
187 silly resolved      [ [Object],
187 silly resolved        [Object],
187 silly resolved        [Object],
187 silly resolved        [Object],
187 silly resolved        [Object],
187 silly resolved        [Object],
187 silly resolved        [Object],
187 silly resolved        [Object],
187 silly resolved        [Object],
187 silly resolved        [Object],
187 silly resolved        [Object],
187 silly resolved        [Object],
187 silly resolved        [Object],
187 silly resolved        [Object],
187 silly resolved        [Object],
187 silly resolved        [Object],
187 silly resolved        [Object],
187 silly resolved        [Object],
187 silly resolved        [Object],
187 silly resolved        [Object],
187 silly resolved        [Object],
187 silly resolved        [Object],
187 silly resolved        [Object],
187 silly resolved        [Object] ],
187 silly resolved     license: 'Apache-2.0',
187 silly resolved     readme: '<!--\n#\n# Licensed to the Apache Software Foundation (ASF) under one\n# or more contributor license agreements.  See the NOTICE file\n# distributed with this work for additional information\n# regarding copyright ownership.  The ASF licenses this file\n# to you under the Apache License, Version 2.0 (the\n# "License"); you may not use this file except in compliance\n# with the License.  You may obtain a copy of the License at\n#\n# http://www.apache.org/licenses/LICENSE-2.0\n#\n# Unless required by applicable law or agreed to in writing,\n# software distributed under the License is distributed on an\n# "AS IS" BASIS, WITHOUT WARRANTIES OR CONDITIONS OF ANY\n#  KIND, either express or implied.  See the License for the\n# specific language governing permissions and limitations\n# under the License.\n#\n-->\n[![Build status](https://ci.appveyor.com/api/projects/status/github/apache/cordova-cli?branch=master)](https://ci.appveyor.com/project/ApacheSoftwareFoundation/cordova-cli)\n[![Build Status](https://travis-ci.org/apache/cordova-cli.svg?branch=master)](https://travis-ci.org/apache/cordova-cli)\n\n# Cordova CLI\n\n> The command line tool to build, deploy and manage [Cordova](http://cordova.apache.org)-based applications.\n\n[Apache Cordova](http://cordova.apache.org) allows for building native mobile applications using HTML, CSS and JavaScript. \nThis tool helps with management of multi-platform Cordova applications as well as Cordova plugin integration.\n\n#Installation\nIn your command-line on Windows:    \n```bash    \n    c:\\> npm install -g cordova\n```    \n    \nIn your terminal on Mac OS X/Linux:\n```bash    \n    $sudo npm install -g cordova\n```\n\n# Creating a new Cordova project\nThis simple example demonstrates how Cordova CLI can be used to create a `myApp` project with the `camera` plugin and run it for `android` platform:\n\n```bash\n    cordova create myApp com.myCompany.myApp myApp\n    cd myApp\n    cordova plugin add cordova-plugin-camera --save\n    cordova platform add android --save\n    cordova requirements android    \n    cordova build android --verbose\n    cordova run android\n```\n\n# Docs\n- [Overview of Cordova]\n- [Create your first Cordova app] guide\n- [Full reference docs for Cordova CLI][Reference docs] has details of commands to add platforms, add plugins, build, package, and sign your HTML, JS apps. \n- Cordova allows you to build apps for a number of platforms. Learn more about our [Supported platforms].\n- [Project directory structure] documents the details of the directory structure created by Cordova CLI.\n\n# Contributing\nCordova is an open source Apache project and contributors are needed to keep this project moving forward. Learn more on \n[how to contribute on our website][contribute]. \n\n# TO-DO + Issues\n\nIf you find issues with this tool, please follow our guidelines for [reporting issues]. \nWe do not use github issue system as an Apache project, we have a JIRA issue management system which covers over 30+ cli, platform, \nplugin repos in the Cordova project. Use the "CLI" component for Cordova CLI issues. However, most of the \nfunctionality of Cordova CLI is implemented in cordova-lib npm module. You can also use "CordovaLib" component to file issues.\n\n[Overview of Cordova]: http://cordova.apache.org/docs/en/latest/guide/overview/\n[Create your first Cordova app]: http://cordova.apache.org/docs/en/latest/guide/cli/index.html\n[Reference docs]: http://cordova.apache.org/docs/en/latest/cordova-cli/index.html\n[Supported platforms]: http://cordova.apache.org/docs/en/latest/guide/support/index.html\n[Project directory structure]: http://cordova.apache.org/docs/en/latest/cordova-cli/index.html#directory-structure\n[Contribute]: http://cordova.apache.org/contribute/\n[Reporting issues]: http://cordova.apache.org/contribute/issues.html\n',
187 silly resolved     readmeFilename: 'README.md',
187 silly resolved     _id: 'cordova@6.4.0',
187 silly resolved     dist: { shasum: '9bf05e36e9f53cae76ad5c1313fdf212d0385022' },
187 silly resolved     _from: 'cordova@',
187 silly resolved     _resolved: 'https://registry.npmjs.org/cordova/-/cordova-6.4.0.tgz' } ]
188 info install cordova@6.4.0 into /usr/local/lib
189 info installOne cordova@6.4.0
190 warn engine cordova@6.4.0: wanted: {"node":">=4.0.0"} (current: {"node":"v0.10.25","npm":"1.3.10"})
191 info /usr/local/lib/node_modules/cordova unbuild
192 verbose tar unpack /home/hellerb/.npm/cordova/6.4.0/package.tgz
193 silly lockFile 9557e84b-r-local-lib-node-modules-cordova tar:///usr/local/lib/node_modules/cordova
194 verbose lock tar:///usr/local/lib/node_modules/cordova /home/hellerb/.npm/9557e84b-r-local-lib-node-modules-cordova.lock
195 silly lockFile 3bedce36-rb-npm-cordova-6-4-0-package-tgz tar:///home/hellerb/.npm/cordova/6.4.0/package.tgz
196 verbose lock tar:///home/hellerb/.npm/cordova/6.4.0/package.tgz /home/hellerb/.npm/3bedce36-rb-npm-cordova-6-4-0-package-tgz.lock
197 silly gunzTarPerm modes [ '755', '644' ]
198 error Error: EACCES, mkdir '/usr/local/lib/node_modules'
198 error  { [Error: EACCES, mkdir '/usr/local/lib/node_modules']
198 error   errno: 3,
198 error   code: 'EACCES',
198 error   path: '/usr/local/lib/node_modules',
198 error   fstream_type: 'Directory',
198 error   fstream_path: '/usr/local/lib/node_modules/cordova',
198 error   fstream_class: 'DirWriter',
198 error   fstream_stack:
198 error    [ '/usr/lib/nodejs/fstream/lib/writer.js:171:23',
198 error      '/usr/lib/nodejs/mkdirp/index.js:37:53',
198 error      'Object.oncomplete (fs.js:107:15)' ] }
199 error Please try running this command again as root/Administrator.
200 error System Linux 4.4.0-38-generic
201 error command "/usr/bin/nodejs" "/usr/bin/npm" "install" "-g" "cordova"
202 error cwd /home/hellerb/sdbmss
203 error node -v v0.10.25
204 error npm -v 1.3.10
205 error path /usr/local/lib/node_modules
206 error fstream_path /usr/local/lib/node_modules/cordova
207 error fstream_type Directory
208 error fstream_class DirWriter
209 error code EACCES
210 error errno 3
211 error stack Error: EACCES, mkdir '/usr/local/lib/node_modules'
212 error fstream_stack /usr/lib/nodejs/fstream/lib/writer.js:171:23
212 error fstream_stack /usr/lib/nodejs/mkdirp/index.js:37:53
212 error fstream_stack Object.oncomplete (fs.js:107:15)
213 verbose exit [ 3, true ]
